<?xml version="1.0" encoding="UTF-8"?>
<testng-results ignored="0" total="3" passed="3" failed="0" skipped="0">
  <reporter-output>
  </reporter-output>
  <suite started-at="2024-05-14T11:52:18 IST" name="Suite" finished-at="2024-05-14T11:52:18 IST" duration-ms="17">
    <groups>
    </groups>
    <test started-at="2024-05-14T11:52:18 IST" name="Test" finished-at="2024-05-14T11:52:18 IST" duration-ms="17">
      <class name="demoTest.Prog1Test">
        <test-method signature="m1()[pri:0, instance:demoTest.Prog1Test@7ee955a8]" started-at="2024-05-14T11:52:18 IST" name="m1" finished-at="2024-05-14T11:52:18 IST" duration-ms="6" status="PASS">
          <reporter-output>
          </reporter-output>
        </test-method> <!-- m1 -->
        <test-method signature="m2()[pri:0, instance:demoTest.Prog1Test@7ee955a8]" started-at="2024-05-14T11:52:18 IST" name="m2" finished-at="2024-05-14T11:52:18 IST" duration-ms="0" status="PASS">
          <reporter-output>
          </reporter-output>
        </test-method> <!-- m2 -->
        <test-method signature="m3(java.lang.String)[pri:0, instance:demoTest.Prog1Test@7ee955a8]" started-at="2024-05-14T11:52:18 IST" name="m3" finished-at="2024-05-14T11:52:18 IST" duration-ms="1" status="PASS">
          <params>
            <param index="0">
              <value>
                <![CDATA[LuckyTheCoder]]>
              </value>
            </param>
          </params>
          <reporter-output>
          </reporter-output>
        </test-method> <!-- m3 -->
      </class> <!-- demoTest.Prog1Test -->
    </test> <!-- Test -->
  </suite> <!-- Suite -->
</testng-results>
